1
 
 
 
 
                                                             
                 Copyright 2017 Siemens Product Lifecycle    
                        Management Software Inc.             
                         All Rights Reserved.                
                                                             
               This software and related documentation are   
                 proprietary to Siemens Product Lifecycle    
                        Management Software Inc.             
                                                             
              Siemens and the Siemens logo are registered    
             trademarks of Siemens AG. NX is a trademark or  
                registered trademark of Siemens Product      
               Lifecycle Management Software Inc. or its     
             subsidiaries in the United States and in other  
             countries.  NASTRAN is a registered trademark   
                 of the National Aeronautics and Space       
                 Administration.  All other trademarks,      
              registered trademarks or service marks belong  
                      to their respective holders.           
                                                             
           LIMITATIONS TO U.S. GOVERNMENT RIGHTS. UNPUBLISHED
           - RIGHTS RESERVED UNDER THE COPYRIGHT LAWS OF THE 
            UNITED STATES. This computer software and related
               computer software documentation have been     
            developed exclusively at private expense and are 
           provided subject to the following rights:  If this
               computer software and computer  software      
            documentation qualify as "commercial items" (as  
             that term is defined in FAR 2.101), their use,  
            duplication or disclosure by the U.S. Government 
           is subject to the protections and restrictions as 
            set forth in the Siemens commercial license for  
            software and/or documentation, as prescribed in  
           FAR 12.212 and FAR 27.405(b)(2)(i) (for civilian  
             agencies) and in DFARS 227.7202-1(a) and DFARS  
           227.7202-3(a) (for the Department of Defense), or 
           any successor or similar regulation, as applicable
           or as amended from time to time.  If this computer
           software and computer documentation do not qualify
            as "commercial items", then they are "restricted 
           computer software" and are provided with "restric-
            tive rights", and their use, duplication or dis- 
            closure by the U.S. Government is subject to the 
            protections and restrictions as set forth in FAR 
           27.404(b) and FAR 52-227-14 (for civilian agencies
           ), and DFARS 227.7203-5(c) and DFARS 252.227-7014 
           (for the Department of Defense), or any successor 
           or similar regulation, as applicable or as amended
              from time to time.  Siemens PLM Software Inc.  
            5800 Granite Parkway, Suite 600, Plano, TX 75024 

                * * * * * * * * * * * * * * * * * * * *
                * * * * * * * * * * * * * * * * * * * *
                * *                                 * *
                * *                                 * *
                * *                                 * *
                * *                                 * *
                * *       N X   N a s t r a n       * *
                * *                                 * *
                * *        VERSION -  12.0.2        * *
                * *                                 * *
                * *          MAY 23, 2018           * *
                * *                                 * *
                * *                                 * *
                * *Intel64 Family 6 Model 45 Steppi * *
                * *                                 * *
                * *MODEL Intel(R) Xeon(R) CPU E5-26 * *
                * *                                 * *
                * *       Windows Server 2012       * *
                * *                                 * *
                * *       Compiled for X86-64       * *
                * *                                 * *
                * * * * * * * * * * * * * * * * * * * *
                * * * * * * * * * * * * * * * * * * * *
1 
  
                        Welcome to NX Nastran
                        -------------------------
  
  
 This "news" information can be turned off by setting "news=no" in the runtime
 configuration (RC) file.  The "news" keyword can be set in the system RC file
 for global, or multi-user control, and in a local file for local control.
 Individual jobs can be controlled by setting news to yes or no on the command
 line.
1                                                                          FEBRUARY  20, 2020  NX NASTRAN  5/23/18   PAGE     1
                                                                                                                                    
0        N A S T R A N    F I L E    A N D    S Y S T E M    P A R A M E T E R    E C H O                                           
0                                                                                                                                   
                                                                                                                                    
                                                                                                                                    
     NASTRAN BUFFSIZE=32769 $(C:/PROGRAM FILES/SIEMENS/NX 12.0/NXNASTRAN/CONF/NAST12.
     NASTRAN BUFFPOOL=94323                                                          
     NASTRAN DIAGA=128 DIAGB=0 $(C:/PROGRAM FILES/SIEMENS/NX 12.0/NXNASTRAN/CONF/NAST
     NASTRAN SYSTEM(442)=2 $(COMMAND LINE[5])                                        
     NASTRAN REAL=34352136192 $(MEMORY LIMIT FOR MPI AND OTHER SPECIALIZED MODULES)  
     $*$$$$$$$$$$$$$$$$$$$$$$$$$$$$$$$$$$$$$$$$$$$$$$$$$$$$$$$$$$$$$$$$$             
     $*                                                                              
     $*                    SIMCENTER V12.0.2.9 TRANSLATOR                            
     $*                    FOR NX NASTRAN VERSION 12.2                               
     $*                                                                              
     $*             FEM FILE: \\CLIENT\C$\USERS\BRADEN\DESKTOP\ENAE484\ENAE484ROVER\C
     $*             SIM FILE: \\CLIENT\C$\USERS\BRADEN\DESKTOP\ENAE484\ENAE484ROVER\C
     $*        ANALYSIS TYPE: STRUCTURAL                                             
     $*        SOLUTION NAME: KINGPIN STRESS ANALYSIS                                
     $*        SOLUTION TYPE: SOL 101 LINEAR STATICS - GLOBAL CONSTRAINTS            
     $*                                                                              
     $*    SOLVER INPUT FILE: 022-LSM-CP_SIM1-KINGPIN_STRESS_ANALYSIS.DAT            
     $*        CREATION DATE: 20-FEB-2020                                            
     $*        CREATION TIME: 04:05:21                                               
     $*             HOSTNAME: ENGRAP985                                              
     $*      NASTRAN LICENSE: DESKTOP BUNDLE                                         
     $*                                                                              
     $*                UNITS: INCH (POUND F)                                         
     $*                      ... LENGTH : INCH                                       
     $*                      ... TIME   : SEC                                        
     $*                      ... MASS   : LBF-SEC**2/IN                              
     $*                      ... TEMPERATURE : DEG FAHRENHEIT                        
     $*                      ... FORCE  : POUND (LBF)                                
     $*                      ... THERMAL ENERGY : LBF-IN                             
     $*                                                                              
     $* IMPORTANT NOTE:                                                              
     $*     THIS BANNER WAS GENERATED BY SIMCENTER AND ALTERING THIS                 
     $*     INFORMATION MAY COMPROMISE THE PRE AND POST PROCESSING OF RESULTS        
     $*                                                                              
     $*$$$$$$$$$$$$$$$$$$$$$$$$$$$$$$$$$$$$$$$$$$$$$$$$$$$$$$$$$$$$$$$$$             
     $*                                                                              
     $*$$$$$$$$$$$$$$$$$$$$$$$$$$$$$$$$$$$                                           
     $*                                                                              
     $* FILE MANAGEMENT                                                              
     $*                                                                              
     $*$$$$$$$$$$$$$$$$$$$$$$$$$$$$$$$$$$$                                           
     $*                                                                              
     $*                                                                              
     $*$$$$$$$$$$$$$$$$$$$$$$$$$$$$$$$$$$$                                           
     $*                                                                              
     $* EXECUTIVE CONTROL                                                            
     $*                                                                              
     $*$$$$$$$$$$$$$$$$$$$$$$$$$$$$$$$$$$$                                           
     $*                                                                              
1                                                                          FEBRUARY  20, 2020  NX NASTRAN  5/23/18   PAGE     2
                                                                                                                                    
0        N A S T R A N    E X E C U T I V E    C O N T R O L    E C H O                                                             
0                                                                                                                                   
                                                                                                                                    
                                                                                                                                    
     ID,NASTRAN,022-LSM-CP_SIM1-KINGPIN_STRESS_ANALYSIS                                      
     SOL 101                                                                                 
     CEND                                                                                    
1                                                                          FEBRUARY  20, 2020  NX NASTRAN  5/23/18   PAGE     3
                                                                                                                                    
0                                                                                                                                   
0                                        C A S E    C O N T R O L    E C H O                                                        
                 COMMAND                                                                                                            
                 COUNT                                                                                                              
                  1      $*                                                                                      
                  2      $*$$$$$$$$$$$$$$$$$$$$$$$$$$$$$$$$$$$                                                   
                  3      $*                                                                                      
                  4      $* CASE CONTROL                                                                         
                  5      $*                                                                                      
                  6      $*$$$$$$$$$$$$$$$$$$$$$$$$$$$$$$$$$$$                                                   
                  7      $*                                                                                      
                  8      ECHO = NONE                                                                             
                  9      SPC = 100                                                                               
                 10      OUTPUT                                                                                  
                 11      DISPLACEMENT(PLOT,REAL) = ALL                                                           
                 12      ESE(PLOT,AVERAGE,RMAG) = ALL                                                            
                 13      SPCFORCES(PLOT,REAL) = ALL                                                              
                 14      STRESS(PLOT,REAL,VONMISES,CENTER) = ALL                                                 
                 15      PARAM,AUTOMPC,YES                                                                       
 *** USER WARNING MESSAGE 23016 (IFP1)
     PARAM CARD AUTOMPC IS NOT ALLOWED IN THE CASE CONTROL.
     INVALID RESULTS MAY OCCUR. PLEASE MOVE IT TO THE BULK DATA.
                 16      $*  STEP: SUBCASE - STATIC LOADS 1                                                      
                 17      SUBCASE 1                                                                               
                 18        LABEL = SUBCASE - STATIC LOADS 1                                                      
                 19        LOAD = 3                                                                              
                 20      $*                                                                                      
                 21      $*$$$$$$$$$$$$$$$$$$$$$$$$$$$$$$$$$$$                                                   
                 22      $*                                                                                      
                 23      $* BULK DATA                                                                            
                 24      $*                                                                                      
                 25      $*$$$$$$$$$$$$$$$$$$$$$$$$$$$$$$$$$$$                                                   
                 26      $*                                                                                      
                 27      BEGIN BULK                                                                              
0                             INPUT BULK DATA ENTRY COUNT =      104384
0                       TOTAL COUNT=    104353


                                        M O D E L   S U M M A R Y

                                   NUMBER OF GRID     POINTS   =    32410
 
 
                                   NUMBER OF CTETRA   ELEMENTS =    19618
 
                                   NUMBER OF RBE3     ELEMENTS =        3
 *** USER INFORMATION MESSAGE 4109 (OUTPBN2)
     THE LABEL IS NX12.0.2 FOR FORTRAN UNIT 12
     (MAXIMUM SIZE OF FORTRAN RECORDS WRITTEN =        7 WORDS.)
     (NUMBER OF FORTRAN RECORDS WRITTEN =        8 RECORDS.)
     (TOTAL DATA WRITTEN FOR TAPE LABEL =       17 WORDS.)
1                                                                          FEBRUARY  20, 2020  NX NASTRAN  5/23/18   PAGE     4
                                                                                                                                    
0                                                                                                                                   
0                                                                                                                                   
                                                                                                                                    
                                                                                                                                    
 *** USER INFORMATION MESSAGE 4114 (OUTPBN2)
     DATA BLOCK IBULK    WRITTEN ON FORTRAN UNIT  12, TRL =
                    101                 1                 0                 0                 0                 0                 0
     (MAXIMUM POSSIBLE FORTRAN RECORD SIZE =    65538 WORDS.)
     (MAXIMUM SIZE OF FORTRAN RECORDS WRITTEN =       20 WORDS.)
     (NUMBER OF FORTRAN RECORDS WRITTEN =   521929 RECORDS.)
     (TOTAL DATA WRITTEN FOR DATA BLOCK =  2505215 WORDS.)
 *** USER INFORMATION MESSAGE 4114 (OUTPBN2)
     DATA BLOCK ICASE    WRITTEN ON FORTRAN UNIT  12, TRL =
                    102                29                 0                 0                 0                 0                 0
     (MAXIMUM POSSIBLE FORTRAN RECORD SIZE =    65538 WORDS.)
     (MAXIMUM SIZE OF FORTRAN RECORDS WRITTEN =       20 WORDS.)
     (NUMBER OF FORTRAN RECORDS WRITTEN =      159 RECORDS.)
     (TOTAL DATA WRITTEN FOR DATA BLOCK =      722 WORDS.)
 *** USER INFORMATION MESSAGE 4114 (OUTPBN2)
     DATA BLOCK CASECC   WRITTEN ON FORTRAN UNIT  12, TRL =
                    103                 1                 0              1210                 0                 0                 0
     (MAXIMUM POSSIBLE FORTRAN RECORD SIZE =    65538 WORDS.)
     (MAXIMUM SIZE OF FORTRAN RECORDS WRITTEN =     1210 WORDS.)
     (NUMBER OF FORTRAN RECORDS WRITTEN =       19 RECORDS.)
     (TOTAL DATA WRITTEN FOR DATA BLOCK =     1236 WORDS.)
 *** USER INFORMATION MESSAGE 4114 (OUTPBN2)
     DATA BLOCK PVT0     WRITTEN ON FORTRAN UNIT  12, TRL =
                    101                28                 0                 0                 0                 0                 0
     (MAXIMUM POSSIBLE FORTRAN RECORD SIZE =    65538 WORDS.)
     (MAXIMUM SIZE OF FORTRAN RECORDS WRITTEN =       28 WORDS.)
     (NUMBER OF FORTRAN RECORDS WRITTEN =       19 RECORDS.)
     (TOTAL DATA WRITTEN FOR DATA BLOCK =       54 WORDS.)
 *** USER INFORMATION MESSAGE 2050 (ESCHEL)
     AUTOMPC PROCESSING COMPLETE
 *** USER INFORMATION MESSAGE 4114 (OUTPBN2)
     DATA BLOCK GPL      WRITTEN ON FORTRAN UNIT  12, TRL =
                    101             32410             32410                 0                 0                 0                 0
     (MAXIMUM POSSIBLE FORTRAN RECORD SIZE =    65538 WORDS.)
     (MAXIMUM SIZE OF FORTRAN RECORDS WRITTEN =    64820 WORDS.)
     (NUMBER OF FORTRAN RECORDS WRITTEN =       24 RECORDS.)
     (TOTAL DATA WRITTEN FOR DATA BLOCK =    97261 WORDS.)
 *** USER INFORMATION MESSAGE 4114 (OUTPBN2)
     DATA BLOCK GPDT     WRITTEN ON FORTRAN UNIT  12, TRL =
                    102             32410                 7                 0                 1                 0                 0
     (MAXIMUM POSSIBLE FORTRAN RECORD SIZE =    65538 WORDS.)
     (MAXIMUM SIZE OF FORTRAN RECORDS WRITTEN =    65538 WORDS.)
     (NUMBER OF FORTRAN RECORDS WRITTEN =       27 RECORDS.)
     (TOTAL DATA WRITTEN FOR DATA BLOCK =   324126 WORDS.)
 *** USER INFORMATION MESSAGE 4114 (OUTPBN2)
     DATA BLOCK EPT      WRITTEN ON FORTRAN UNIT  12, TRL =
                    101                 0               256                 0                 0                 0                 0
     (MAXIMUM POSSIBLE FORTRAN RECORD SIZE =    65538 WORDS.)
     (MAXIMUM SIZE OF FORTRAN RECORDS WRITTEN =       10 WORDS.)
     (NUMBER OF FORTRAN RECORDS WRITTEN =       24 RECORDS.)
     (TOTAL DATA WRITTEN FOR DATA BLOCK =       43 WORDS.)
1                                                                          FEBRUARY  20, 2020  NX NASTRAN  5/23/18   PAGE     5
                                                                                                                                    
0                                                                                                                                   
0                                                                                                                                   
                                                                                                                                    
                                                                                                                                    
 *** USER INFORMATION MESSAGE 4114 (OUTPBN2)
     DATA BLOCK MPT      WRITTEN ON FORTRAN UNIT  12, TRL =
                    101             33280                 0                 0                 0                 0                 0
     (MAXIMUM POSSIBLE FORTRAN RECORD SIZE =    65538 WORDS.)
     (MAXIMUM SIZE OF FORTRAN RECORDS WRITTEN =       15 WORDS.)
     (NUMBER OF FORTRAN RECORDS WRITTEN =       29 RECORDS.)
     (TOTAL DATA WRITTEN FOR DATA BLOCK =       67 WORDS.)
 *** USER INFORMATION MESSAGE 4114 (OUTPBN2)
     DATA BLOCK GEOM2    WRITTEN ON FORTRAN UNIT  12, TRL =
                    101                 0                 0                 0               512                 0                 0
     (MAXIMUM POSSIBLE FORTRAN RECORD SIZE =    65538 WORDS.)
     (MAXIMUM SIZE OF FORTRAN RECORDS WRITTEN =    65538 WORDS.)
     (NUMBER OF FORTRAN RECORDS WRITTEN =       30 RECORDS.)
     (TOTAL DATA WRITTEN FOR DATA BLOCK =   235452 WORDS.)
 *** USER INFORMATION MESSAGE 4114 (OUTPBN2)
     DATA BLOCK GEOM3    WRITTEN ON FORTRAN UNIT  12, TRL =
                    102                 0                 0                64                 0                 0                 0
     (MAXIMUM POSSIBLE FORTRAN RECORD SIZE =    65538 WORDS.)
     (MAXIMUM SIZE OF FORTRAN RECORDS WRITTEN =       10 WORDS.)
     (NUMBER OF FORTRAN RECORDS WRITTEN =       24 RECORDS.)
     (TOTAL DATA WRITTEN FOR DATA BLOCK =       43 WORDS.)
 *** USER INFORMATION MESSAGE 4114 (OUTPBN2)
     DATA BLOCK GEOM4    WRITTEN ON FORTRAN UNIT  12, TRL =
                    103                 0                 0                 0               544               512                 0
     (MAXIMUM POSSIBLE FORTRAN RECORD SIZE =    65538 WORDS.)
     (MAXIMUM SIZE OF FORTRAN RECORDS WRITTEN =     2113 WORDS.)
     (NUMBER OF FORTRAN RECORDS WRITTEN =       34 RECORDS.)
     (TOTAL DATA WRITTEN FOR DATA BLOCK =     2172 WORDS.)
 *** USER INFORMATION MESSAGE 4114 (OUTPBN2)
     DATA BLOCK GEOM1    WRITTEN ON FORTRAN UNIT  12, TRL =
                    104                 0                 0                 8                 0                 0                 0
     (MAXIMUM POSSIBLE FORTRAN RECORD SIZE =    65538 WORDS.)
     (MAXIMUM SIZE OF FORTRAN RECORDS WRITTEN =    65538 WORDS.)
     (NUMBER OF FORTRAN RECORDS WRITTEN =       34 RECORDS.)
     (TOTAL DATA WRITTEN FOR DATA BLOCK =   356546 WORDS.)
 *** USER INFORMATION MESSAGE 4114 (OUTPBN2)
     DATA BLOCK BGPDT    WRITTEN ON FORTRAN UNIT  12, TRL =
                    105             32410                 0            194460                 1                 0             32410
     (MAXIMUM POSSIBLE FORTRAN RECORD SIZE =    65538 WORDS.)
     (MAXIMUM SIZE OF FORTRAN RECORDS WRITTEN =    65538 WORDS.)
     (NUMBER OF FORTRAN RECORDS WRITTEN =       34 RECORDS.)
     (TOTAL DATA WRITTEN FOR DATA BLOCK =   453770 WORDS.)
 *** USER INFORMATION MESSAGE 4114 (OUTPBN2)
     DATA BLOCK DIT      WRITTEN ON FORTRAN UNIT  12, TRL =
                    101             32768                 0                 0                 0                 0                 0
     (MAXIMUM POSSIBLE FORTRAN RECORD SIZE =    65538 WORDS.)
     (MAXIMUM SIZE OF FORTRAN RECORDS WRITTEN =      137 WORDS.)
     (NUMBER OF FORTRAN RECORDS WRITTEN =       24 RECORDS.)
     (TOTAL DATA WRITTEN FOR DATA BLOCK =      170 WORDS.)
1                                                                          FEBRUARY  20, 2020  NX NASTRAN  5/23/18   PAGE     6
                                                                                                                                    
0                                                                                                                                   
0                                                                                                                                   
                                                                                                                                    
                                                                                                                                    
 *** USER INFORMATION MESSAGE 4114 (OUTPBN2)
     DATA BLOCK EQEXIN   WRITTEN ON FORTRAN UNIT  12, TRL =
                    101             32410                 0                 0                 0                 0                 0
     (MAXIMUM POSSIBLE FORTRAN RECORD SIZE =    65538 WORDS.)
     (MAXIMUM SIZE OF FORTRAN RECORDS WRITTEN =    64820 WORDS.)
     (NUMBER OF FORTRAN RECORDS WRITTEN =       24 RECORDS.)
     (TOTAL DATA WRITTEN FOR DATA BLOCK =   129670 WORDS.)
 *** USER INFORMATION MESSAGE 7555 (ETETGS)
     FINITE ELEMENT GEOMETRY CHECK RESULTS EXCEED TOLERANCE LEVELS FOR THE FOLLOWING ELEMENTS.
     USER ACTION: USE THE GEOMCHECK (EXECUTIVE CONTROL STATEMENT) KEYWORD=VALUE TO CHANGE TOLERANCE VALUES IF DESIRED.
     ALL EDGE LENGTH TO HEIGHT  RATIO (AR)TOLERANCE LIMIT VIOLATIONS WILL BE IDENTIFIED AND INDICATED BY FAIL.
     A MINIMUM OF        100 EDGE NODE POINT LENGTH RATIO (ER)TOLERANCE LIMIT VIOLATIONS WILL BE IDENTIFIED AND INDICATED BY xxxx.
     A MINIMUM OF        100 EDGE NODE POINT INCLUDED ANGLE   TOLERANCE LIMIT VIOLATIONS WILL BE IDENTIFIED AND INDICATED BY xxxx.
     ALL NEG/ZERO DET(JACOBIAN) VALUE (DJ)TOLERANCE LIMIT VIOLATIONS WILL BE IDENTIFIED AND INDICATED BY FAIL.
     A MINIMUM OF        100 NEG DET(JAC) AT VERTEX NODE  (DG)TOLERANCE LIMIT VIOLATIONS WILL BE IDENTIFIED AND INDICATED BY xxxx.
1                                                                          FEBRUARY  20, 2020  NX NASTRAN  5/23/18   PAGE     7
                                                                                                                                    
0                                                                                                                                   
     TOLERANCE LIMITS ARE:  TET_AR =   100.00, TET_EPLR =   0.50, TET_EPIA =  30.00, TET_DETJ =   0.00, TET_DETG =   0.00
                            (xxxx = LIMIT VIOLATED)
                         LONGEST    SHORTEST          ASPECT      EDGE POINT      EDGE POINT   MIN. JACOBIAN   MIN. DET(JAC)
 ELEMENT TYPE    ID         EDGE      HEIGHT           RATIO    LENGTH RATIO  INCLUDED ANGLE     DETERMINANT       AT VERTEX
    TETRA        8705       0.11        0.02       4.55            0.78           31.04 xxxx       0.00            0.00     
    TETRA        8711       0.12        0.04       3.27            0.78           31.04 xxxx       0.00            0.00     
    TETRA       18586       0.11        0.04       3.05            0.78           31.04 xxxx       0.00            0.00     
    TETRA       19570       0.14        0.01      12.61            1.00            8.78            0.00           -0.00 xxxx
1                                                                          FEBRUARY  20, 2020  NX NASTRAN  5/23/18   PAGE     8
                                                                                                                                    
0                                                                                                                                   


                            E L E M E N T   G E O M E T R Y   T E S T   R E S U L T S   S U M M A R Y
                                        TOTAL NUMBER OF TIMES TOLERANCES WERE EXCEEDED
 ELEMENT     SKEW    ASPECT/       MINIMUM       MAXIMUM    SURFACE/FACE  THICKNESS/     EDGE POINT    EDGE POINT       JACOBIAN
 TYPE        ANGLE  TAPER RATIO  INTER. ANGLE  INTER. ANGLE  WARP FACTOR  OFFSET RATIO  LENGTH RATIO  INCLUDED ANGLE  DETERMINANT
 TETRA         N/A          0           N/A           N/A           N/A           N/A             0             3             1     

         N/A IN THE ABOVE TABLE INDICATES TESTS THAT ARE NOT APPLICABLE TO THE ELEMENT TYPE AND WERE NOT PERFORMED.
         FOR ALL ELEMENTS WHERE GEOMETRY TEST RESULTS HAVE EXCEEDED TOLERANCES,

         TETRA    ELEMENT ID    19570 PRODUCED SMALLEST VERTEX DET(JAC) -UWM 6828- OF      -0.00 (TOLERANCE =        0.00).
         TETRA    ELEMENT ID     8705 PRODUCED LARGEST  EDGE POINT IA    OF      31.04 (TOLERANCE =       30.00).
1                                                                          FEBRUARY  20, 2020  NX NASTRAN  5/23/18   PAGE     9
                                                                                                                                    
0                                                                                                                                   
 *** USER INFORMATION MESSAGE 7310 (VECPRN)
     ORIGIN OF SUPERELEMENT BASIC COORDINATE SYSTEM WILL BE USED AS REFERENCE LOCATION.
     RESULTANTS ABOUT ORIGIN OF SUPERELEMENT BASIC COORDINATE SYSTEM IN SUPERELEMENT BASIC SYSTEM COORDINATES.
0                                                  OLOAD    RESULTANT       
  SUBCASE/    LOAD
  DAREA ID    TYPE       T1            T2            T3            R1            R2            R3
0        1     FX    0.000000E+00     ----          ----          ----       0.000000E+00  0.000000E+00                             
               FY       ----       0.000000E+00     ----       0.000000E+00     ----       0.000000E+00                             
               FZ       ----          ----       6.069840E+01  9.104760E+01  0.000000E+00     ----                                  
               MX       ----          ----          ----       0.000000E+00     ----          ----                                  
               MY       ----          ----          ----          ----       0.000000E+00     ----                                  
               MZ       ----          ----          ----          ----          ----       0.000000E+00                             
             TOTALS  0.000000E+00  0.000000E+00  6.069840E+01  9.104760E+01  0.000000E+00  0.000000E+00                             
 *** USER INFORMATION MESSAGE - SINGULARITIES FOUND USING EIGENVALUE METHOD
 ***   97221 SINGULARITIES FOUND     97221 SINGULARITIES ELIMINATED
1                                                                          FEBRUARY  20, 2020  NX NASTRAN  5/23/18   PAGE    10
                                                                                                                                    
0                                                                                                            SUBCASE 1              
 *** SYSTEM INFORMATION MESSAGE 6916 (DFMSYN)
     DECOMP ORDERING METHOD CHOSEN: DEFAULT, ORDERING METHOD USED: BEND
 *** USER INFORMATION MESSAGE 5293 (SSG3A)
    FOR DATA BLOCK KLL     
    LOAD SEQ. NO.             EPSILON              EXTERNAL WORK      EPSILONS LARGER THAN 0.001 ARE FLAGGED WITH ASTERISKS
                1         -1.9318338E-13          1.1253780E-03
1                                                                          FEBRUARY  20, 2020  NX NASTRAN  5/23/18   PAGE    11
                                                                                                                                    
0                                                                                                                                   
 *** USER INFORMATION MESSAGE 7310 (VECPRN)
     ORIGIN OF SUPERELEMENT BASIC COORDINATE SYSTEM WILL BE USED AS REFERENCE LOCATION.
     RESULTANTS ABOUT ORIGIN OF SUPERELEMENT BASIC COORDINATE SYSTEM IN SUPERELEMENT BASIC SYSTEM COORDINATES.
0                                                  SPCFORCE RESULTANT       
  SUBCASE/    LOAD
  DAREA ID    TYPE       T1            T2            T3            R1            R2            R3
0        1     FX    5.174175E-06     ----          ----          ----       8.637075E-02 -1.293544E-05                             
               FY       ----       2.742166E-06     ----       2.134788E+01     ----       0.000000E+00                             
               FZ       ----          ----      -6.069840E+01 -1.517460E+02  0.000000E+00     ----                                  
               MX       ----          ----          ----       3.935054E+01     ----          ----                                  
               MY       ----          ----          ----          ----      -8.635561E-02     ----                                  
               MZ       ----          ----          ----          ----          ----       4.805643E-07                             
             TOTALS  5.174175E-06  2.742166E-06 -6.069840E+01 -9.104759E+01  1.514094E-05 -1.245487E-05                             
 *** USER INFORMATION MESSAGE 4507 (SDREE)
     IN SUBCASE         1                     
     THERE ARE  10544 TETRA    ELEMENTS HAVING STRAIN ENERGY WHICH IS LESS THAN   0.0010 PERCENT
     OF THE TOTAL STRAIN ENERGY OF ALL ELEMENTS.
 *** USER INFORMATION MESSAGE 4114 (OUTPBN2)
     DATA BLOCK OQG1     WRITTEN ON FORTRAN UNIT  12, TRL =
                    101                 3             62672                20                20                 0                 1
     (MAXIMUM POSSIBLE FORTRAN RECORD SIZE =    65538 WORDS.)
     (MAXIMUM SIZE OF FORTRAN RECORDS WRITTEN =    65538 WORDS.)
     (NUMBER OF FORTRAN RECORDS WRITTEN =       30 RECORDS.)
     (TOTAL DATA WRITTEN FOR DATA BLOCK =   259461 WORDS.)
 *** USER INFORMATION MESSAGE 4114 (OUTPBN2)
     DATA BLOCK BOUGV1   WRITTEN ON FORTRAN UNIT  12, TRL =
                    101                 3             62672                20                20                 0                 1
     (MAXIMUM POSSIBLE FORTRAN RECORD SIZE =    65538 WORDS.)
     (MAXIMUM SIZE OF FORTRAN RECORDS WRITTEN =    65538 WORDS.)
     (NUMBER OF FORTRAN RECORDS WRITTEN =       30 RECORDS.)
     (TOTAL DATA WRITTEN FOR DATA BLOCK =   259461 WORDS.)
 *** USER INFORMATION MESSAGE 4114 (OUTPBN2)
     DATA BLOCK OES1     WRITTEN ON FORTRAN UNIT  12, TRL =
                    101                63                 2                20                20                 0                 1
     (MAXIMUM POSSIBLE FORTRAN RECORD SIZE =    65538 WORDS.)
     (MAXIMUM SIZE OF FORTRAN RECORDS WRITTEN =    65538 WORDS.)
     (NUMBER OF FORTRAN RECORDS WRITTEN =       88 RECORDS.)
     (TOTAL DATA WRITTEN FOR DATA BLOCK =  2138543 WORDS.)
1                                                                          FEBRUARY  20, 2020  NX NASTRAN  5/23/18   PAGE    12
                                                                                                                                    
0                                                                                                                                   
1                                                                          FEBRUARY  20, 2020  NX NASTRAN  5/23/18   PAGE    13
                                                                                                                                    
0                                                                                                                                   
1                                                                          FEBRUARY  20, 2020  NX NASTRAN  5/23/18   PAGE    14
                                                                                                                                    
0                                                                                                                                   
1                                                                          FEBRUARY  20, 2020  NX NASTRAN  5/23/18   PAGE    15
                                                                                                                                    
0                                                                                                                                   
 *** USER INFORMATION MESSAGE 4114 (OUTPBN2)
     DATA BLOCK ONRGY1   WRITTEN ON FORTRAN UNIT  12, TRL =
                    101                 1                 0                 0                 0                 2                 0
     (MAXIMUM POSSIBLE FORTRAN RECORD SIZE =    65538 WORDS.)
     (MAXIMUM SIZE OF FORTRAN RECORDS WRITTEN =    36300 WORDS.)
     (NUMBER OF FORTRAN RECORDS WRITTEN =       24 RECORDS.)
     (TOTAL DATA WRITTEN FOR DATA BLOCK =    36476 WORDS.)
 *** USER INFORMATION MESSAGE 4110 (OUTPBN2)
                                 END-OF-DATA SIMULATION ON FORTRAN UNIT 12
                                 (MAXIMUM SIZE OF FORTRAN RECORDS WRITTEN =      1 WORDS.)
                                       (NUMBER OF FORTRAN RECORDS WRITTEN =      1 RECORDS.)
                                       (TOTAL DATA WRITTEN FOR EOF MARKER =      1 WORDS.)
1                                                                          FEBRUARY  20, 2020  NX NASTRAN  5/23/18   PAGE    16
                                                                                                                                    
0                                                                                                                                   
 * * * *  D B D I C T   P R I N T  * * * *      SUBDMAP = PRTSUM  ,  DMAP STATEMENT NO.     28



0                                   * * * *  A N A L Y S I S  S U M M A R Y  T A B L E  * * * *
0 SEID  PEID PROJ VERS APRCH      SEMG SEMR SEKR SELG SELR MODES DYNRED SOLLIN PVALID SOLNL LOOPID DESIGN CYCLE SENSITIVITY
 --------------------------------------------------------------------------------------------------------------------------
     0     0    1    1 '        '    T    T    T    T    T     F      F      T      0     F     -1            0           F
0SEID = SUPERELEMENT ID.
 PEID = PRIMARY SUPERELEMENT ID OF IMAGE SUPERELEMENT.
 PROJ = PROJECT ID NUMBER.
 VERS = VERSION ID.
 APRCH = BLANK FOR STRUCTURAL ANALYSIS.  HEAT FOR HEAT TRANSFER ANALYSIS.
 SEMG = STIFFNESS AND MASS MATRIX GENERATION STEP.
 SEMR = MASS MATRIX REDUCTION STEP (INCLUDES EIGENVALUE SOLUTION FOR MODES).
 SEKR = STIFFNESS MATRIX REDUCTION STEP.
 SELG = LOAD MATRIX GENERATION STEP.
 SELR = LOAD MATRIX REDUCTION STEP. 
 MODES = T (TRUE) IF NORMAL MODES OR BUCKLING MODES CALCULATED.
 DYNRED = T (TRUE) MEANS GENERALIZED DYNAMIC AND/OR COMPONENT MODE REDUCTION PERFORMED.
 SOLLIN = T (TRUE) IF LINEAR SOLUTION EXISTS IN DATABASE.
 PVALID = P-DISTRIBUTION ID OF P-VALUE FOR P-ELEMENTS
 LOOPID = THE LAST LOOPID VALUE USED IN THE NONLINEAR ANALYSIS.  USEFUL FOR RESTARTS.
 SOLNL = T (TRUE) IF NONLINEAR SOLUTION EXISTS IN DATABASE.
 DESIGN CYCLE = THE LAST DESIGN CYCLE (ONLY VALID IN OPTIMIZATION).
 SENSITIVITY = SENSITIVITY MATRIX GENERATION FLAG.
1                                        * * * END OF JOB * * *
 
 
